\BOOKMARK [0][-]{chapter.1}{\376\377\000I\000n\000t\000r\000o\000d\000u\000c\000t\000i\000o\000n}{}% 1
\BOOKMARK [0][-]{chapter.2}{\376\377\000B\000a\000c\000k\000g\000r\000o\000u\000n\000d}{}% 2
\BOOKMARK [1][-]{section.2.1}{\376\377\000S\000t\000a\000t\000e\000\040\000o\000f\000\040\000t\000h\000e\000\040\000a\000r\000t\000\040\000o\000f\000\040\000e\000m\000b\000e\000d\000d\000e\000d\000\040\000s\000y\000s\000t\000e\000m\000s\000\040\000s\000e\000c\000u\000r\000i\000t\000y\000\040\000a\000p\000p\000r\000o\000a\000c\000h}{chapter.2}% 3
\BOOKMARK [1][-]{section.2.2}{\376\377\000P\000h\000y\000s\000i\000c\000a\000l\000\040\000u\000n\000c\000l\000o\000n\000a\000b\000l\000e\000\040\000f\000u\000n\000c\000t\000i\000o\000n\000s}{chapter.2}% 4
\BOOKMARK [2][-]{subsection.2.2.1}{\376\377\000T\000y\000p\000e\000s\000\040\000o\000f\000\040\000P\000U\000F\000s}{section.2.2}% 5
\BOOKMARK [2][-]{subsection.2.2.2}{\376\377\000S\000R\000A\000M\000\040\000P\000U\000F}{section.2.2}% 6
\BOOKMARK [1][-]{section.2.3}{\376\377\000S\000E\000c\000u\000b\000e\000T\000M}{chapter.2}% 7
\BOOKMARK [0][-]{chapter.3}{\376\377\000I\000m\000p\000l\000e\000m\000e\000n\000t\000a\000t\000i\000o\000n\000\040\000O\000v\000e\000r\000v\000i\000e\000w}{}% 8
\BOOKMARK [1][-]{section.3.1}{\376\377\000D\000e\000v\000i\000c\000e\000\040\000s\000i\000d\000e}{chapter.3}% 9
\BOOKMARK [1][-]{section.3.2}{\376\377\000H\000o\000s\000t\000\040\000s\000i\000d\000e}{chapter.3}% 10
\BOOKMARK [0][-]{chapter.4}{\376\377\000I\000m\000p\000l\000e\000m\000e\000n\000t\000a\000t\000i\000o\000n\000\040\000D\000e\000t\000a\000i\000l\000s}{}% 11
\BOOKMARK [1][-]{section.4.1}{\376\377\000D\000e\000v\000i\000c\000e\000\040\000s\000i\000d\000e}{chapter.4}% 12
\BOOKMARK [2][-]{subsection.4.1.1}{\376\377\000G\000e\000n\000e\000r\000a\000t\000i\000o\000n\000\040\000o\000f\000\040\000P\000U\000F\000s}{section.4.1}% 13
\BOOKMARK [1][-]{section.4.2}{\376\377\000H\000o\000s\000t\000\040\000s\000i\000d\000e}{chapter.4}% 14
\BOOKMARK [0][-]{chapter.5}{\376\377\000R\000e\000s\000u\000l\000t\000s}{}% 15
\BOOKMARK [1][-]{section.5.1}{\376\377\000K\000n\000o\000w\000n\000\040\000I\000s\000s\000u\000e\000s}{chapter.5}% 16
\BOOKMARK [1][-]{section.5.2}{\376\377\000F\000u\000t\000u\000r\000e\000\040\000W\000o\000r\000k}{chapter.5}% 17
\BOOKMARK [0][-]{chapter.6}{\376\377\000C\000o\000n\000c\000l\000u\000s\000i\000o\000n\000s}{}% 18
\BOOKMARK [0][-]{appendix.A}{\376\377\000U\000s\000e\000r\000\040\000M\000a\000n\000u\000a\000l}{}% 19
\BOOKMARK [1][-]{section.A.1}{\376\377\000S\000E\000c\000u\000b\000e\041\042\000\040\000S\000o\000f\000t\000w\000a\000r\000e\000\040\000D\000e\000v\000e\000l\000o\000p\000m\000e\000n\000t\000\040\000K\000i\000t\000\040\000\050\000v\000e\000r\000s\000i\000o\000n\000\040\0001\000.\0005\000.\0002\000\051}{appendix.A}% 20
\BOOKMARK [1][-]{section.A.2}{\376\377\000L\000i\000c\000e\000n\000c\000e}{appendix.A}% 21
\BOOKMARK [1][-]{section.A.3}{\376\377\000T\000e\000r\000m\000s\000\040\000o\000f\000\040\000u\000s\000e}{appendix.A}% 22
\BOOKMARK [1][-]{section.A.4}{\376\377\000P\000U\000F}{appendix.A}% 23
\BOOKMARK [1][-]{section.A.5}{\376\377\000I\000n\000s\000t\000r\000u\000c\000t\000i\000o\000n\000s\000\040\000t\000o\000\040\000r\000u\000n\000\040\000t\000h\000e\000\040\000p\000r\000o\000j\000e\000c\000t}{appendix.A}% 24
\BOOKMARK [2][-]{subsection.A.5.1}{\376\377\000I\000m\000p\000o\000r\000t\000\040\000t\000h\000e\000\040\000p\000r\000o\000j\000e\000c\000t}{section.A.5}% 25
\BOOKMARK [2][-]{subsection.A.5.2}{\376\377\000R\000u\000n\000\040\000t\000h\000e\000\040\000p\000r\000o\000j\000e\000c\000t}{section.A.5}% 26
\BOOKMARK [0][-]{appendix.B}{\376\377\000A\000P\000I}{}% 27
